Determining if the pthread_create exist failed with the following output:
Change Dir: /home/tian/catkin_ws_tian/src/turtlebot3/turtlebot3_example_cpp/cmake-build-debug/CMakeFiles/CMakeTmp

Run Build Command(s):/usr/bin/make cmTC_27ac7/fast 
/usr/bin/make -f CMakeFiles/cmTC_27ac7.dir/build.make CMakeFiles/cmTC_27ac7.dir/build
make[1]: Entering directory '/home/tian/catkin_ws_tian/src/turtlebot3/turtlebot3_example_cpp/cmake-build-debug/CMakeFiles/CMakeTmp'
Building C object CMakeFiles/cmTC_27ac7.dir/CheckSymbolExists.c.o
/usr/bin/cc    -o CMakeFiles/cmTC_27ac7.dir/CheckSymbolExists.c.o   -c /home/tian/catkin_ws_tian/src/turtlebot3/turtlebot3_example_cpp/cmake-build-debug/CMakeFiles/CMakeTmp/CheckSymbolExists.c
Linking C executable cmTC_27ac7
/snap/clion/68/bin/cmake/linux/bin/cmake -E cmake_link_script CMakeFiles/cmTC_27ac7.dir/link.txt --verbose=1
/usr/bin/cc      -rdynamic CMakeFiles/cmTC_27ac7.dir/CheckSymbolExists.c.o  -o cmTC_27ac7 
CMakeFiles/cmTC_27ac7.dir/CheckSymbolExists.c.o：在函数‘main’中：
CheckSymbolExists.c:(.text+0x16)：对‘pthread_create’未定义的引用
collect2: error: ld returned 1 exit status
CMakeFiles/cmTC_27ac7.dir/build.make:86: recipe for target 'cmTC_27ac7' failed
make[1]: *** [cmTC_27ac7] Error 1
make[1]: Leaving directory '/home/tian/catkin_ws_tian/src/turtlebot3/turtlebot3_example_cpp/cmake-build-debug/CMakeFiles/CMakeTmp'
Makefile:121: recipe for target 'cmTC_27ac7/fast' failed
make: *** [cmTC_27ac7/fast] Error 2

File /home/tian/catkin_ws_tian/src/turtlebot3/turtlebot3_example_cpp/cmake-build-debug/CMakeFiles/CMakeTmp/CheckSymbolExists.c:
/* */
#include <pthread.h>

int main(int argc, char** argv)
{
  (void)argv;
#ifndef pthread_create
  return ((int*)(&pthread_create))[argc];
#else
  (void)argc;
  return 0;
#endif
}

Determining if the function pthread_create exists in the pthreads failed with the following output:
Change Dir: /home/tian/catkin_ws_tian/src/turtlebot3/turtlebot3_example_cpp/cmake-build-debug/CMakeFiles/CMakeTmp

Run Build Command(s):/usr/bin/make cmTC_eb222/fast 
/usr/bin/make -f CMakeFiles/cmTC_eb222.dir/build.make CMakeFiles/cmTC_eb222.dir/build
make[1]: Entering directory '/home/tian/catkin_ws_tian/src/turtlebot3/turtlebot3_example_cpp/cmake-build-debug/CMakeFiles/CMakeTmp'
Building C object CMakeFiles/cmTC_eb222.dir/CheckFunctionExists.c.o
/usr/bin/cc   -DCHECK_FUNCTION_EXISTS=pthread_create   -o CMakeFiles/cmTC_eb222.dir/CheckFunctionExists.c.o   -c /snap/clion/68/bin/cmake/linux/share/cmake-3.14/Modules/CheckFunctionExists.c
Linking C executable cmTC_eb222
/snap/clion/68/bin/cmake/linux/bin/cmake -E cmake_link_script CMakeFiles/cmTC_eb222.dir/link.txt --verbose=1
/usr/bin/cc  -DCHECK_FUNCTION_EXISTS=pthread_create    -rdynamic CMakeFiles/cmTC_eb222.dir/CheckFunctionExists.c.o  -o cmTC_eb222 -lpthreads 
/usr/bin/ld: 找不到 -lpthreads
collect2: error: ld returned 1 exit status
CMakeFiles/cmTC_eb222.dir/build.make:86: recipe for target 'cmTC_eb222' failed
make[1]: *** [cmTC_eb222] Error 1
make[1]: Leaving directory '/home/tian/catkin_ws_tian/src/turtlebot3/turtlebot3_example_cpp/cmake-build-debug/CMakeFiles/CMakeTmp'
Makefile:121: recipe for target 'cmTC_eb222/fast' failed
make: *** [cmTC_eb222/fast] Error 2


